e:\vs2015\pm\pm\debug\pm.pch
e:\vs2015\pm\pm\debug\vc120.pdb
e:\vs2015\pm\pm\debug\vc120.idb
e:\vs2015\pm\pm\debug\stdafx.obj
e:\vs2015\pm\pm\debug\adoconn.obj
e:\vs2015\pm\pm\debug\festvialdlg.obj
e:\vs2015\pm\pm\debug\message.obj
e:\vs2015\pm\pm\debug\messaged.obj
e:\vs2015\pm\pm\debug\messagedlg.obj
e:\vs2015\pm\pm\debug\musicdlg.obj
e:\vs2015\pm\pm\debug\mysingletonclass.obj
e:\vs2015\pm\pm\debug\notedlg.obj
e:\vs2015\pm\pm\debug\pdairydlg.obj
e:\vs2015\pm\pm\debug\pm.obj
e:\vs2015\pm\pm\debug\pmdlg.obj
e:\vs2015\pm\pm\debug\remindbydate.obj
e:\vs2015\pm\pm\debug\timedlg.obj
e:\vs2015\pm\debug\pm.ilk
e:\vs2015\pm\debug\pm.exe
e:\vs2015\pm\debug\pm.pdb
e:\vs2015\pm\pm\debug\pm.res
e:\vs2015\pm\pm\debug\msado15.tli
e:\vs2015\pm\pm\debug\msado15.tlh
e:\vs2015\pm\pm\debug\pm.tlog\cl.command.1.tlog
e:\vs2015\pm\pm\debug\pm.tlog\cl.read.1.tlog
e:\vs2015\pm\pm\debug\pm.tlog\cl.write.1.tlog
e:\vs2015\pm\pm\debug\pm.tlog\link.command.1.tlog
e:\vs2015\pm\pm\debug\pm.tlog\link.read.1.tlog
e:\vs2015\pm\pm\debug\pm.tlog\link.write.1.tlog
e:\vs2015\pm\pm\debug\pm.tlog\rc.command.1.tlog
e:\vs2015\pm\pm\debug\pm.tlog\rc.read.1.tlog
e:\vs2015\pm\pm\debug\pm.tlog\rc.write.1.tlog
